<?xml version="1.0" encoding="UTF-8"?>
<testsuite xmlns:xsi="http://www.w3.org/2001/XMLSchema-instance" xsi:noNamespaceSchemaLocation="https://maven.apache.org/surefire/maven-surefire-plugin/xsd/surefire-test-report-3.0.xsd" version="3.0" name="com.citibank.main.ApplicationTests" time="2.805" tests="1" errors="0" skipped="0" failures="0">
  <properties>
[...]
</properties>
  <testcase name="contextLoads" classname="com.citibank.main.ApplicationTests" time="0.504">
    <system-out><![CDATA[18:21:36.732 [main] INFO org.springframework.test.context.support.AnnotationConfigContextLoaderUtils -- Could not detect default configuration classes for test class [com.citibank.main.ApplicationTests]: ApplicationTests does not declare any static, non-private, non-final, nested classes annotated with @Configuration.
18:21:36.803 [main] INFO org.springframework.boot.test.context.SpringBootTestContextBootstrapper -- Found @SpringBootConfiguration com.citibank.main.Application for test class com.citibank.main.ApplicationTests
18:21:36.921 [main] INFO org.springframework.boot.devtools.restart.RestartApplicationListener -- Restart disabled due to context in which it is running

  .   ____          _            __ _ _
 /\\ / ___'_ __ _ _(_)_ __  __ _ \ \ \ \
( ( )\___ | '_ | '_| | '_ \/ _` | \ \ \ \
 \\/  ___)| |_)| | | | | || (_| |  ) ) ) )
  '  |____| .__|_| |_|_| |_\__, | / / / /
 =========|_|==============|___/=/_/_/_/

 :: Spring Boot ::                (v3.3.4)

2024-10-10T18:21:37.083+05:30  INFO 39156 --- [02_SpringBoot_EmployeeCRUD] [           main] com.citibank.main.ApplicationTests       : Starting ApplicationTests using Java 21.0.2 with PID 39156 (started by Vivek Gohil in D:\Training\Citi Bank - Half Day\02_SpringBoot_EmployeeCRUD)
2024-10-10T18:21:37.086+05:30  INFO 39156 --- [02_SpringBoot_EmployeeCRUD] [           main] com.citibank.main.ApplicationTests       : No active profile set, falling back to 1 default profile: "default"
2024-10-10T18:21:37.527+05:30  INFO 39156 --- [02_SpringBoot_EmployeeCRUD] [           main] .s.d.r.c.RepositoryConfigurationDelegate : Bootstrapping Spring Data JDBC repositories in DEFAULT mode.
2024-10-10T18:21:37.541+05:30  INFO 39156 --- [02_SpringBoot_EmployeeCRUD] [           main] .s.d.r.c.RepositoryConfigurationDelegate : Finished Spring Data repository scanning in 11 ms. Found 0 JDBC repository interfaces.
HelloWorldController is loaded
2024-10-10T18:21:38.386+05:30  INFO 39156 --- [02_SpringBoot_EmployeeCRUD] [           main] com.zaxxer.hikari.HikariDataSource       : HikariPool-1 - Starting...
2024-10-10T18:21:38.734+05:30  INFO 39156 --- [02_SpringBoot_EmployeeCRUD] [           main] com.zaxxer.hikari.pool.HikariPool        : HikariPool-1 - Added connection com.mysql.cj.jdbc.ConnectionImpl@626c569b
2024-10-10T18:21:38.735+05:30  INFO 39156 --- [02_SpringBoot_EmployeeCRUD] [           main] com.zaxxer.hikari.HikariDataSource       : HikariPool-1 - Start completed.
2024-10-10T18:21:38.905+05:30  INFO 39156 --- [02_SpringBoot_EmployeeCRUD] [           main] com.citibank.main.ApplicationTests       : Started ApplicationTests in 2.001 seconds (process running for 2.71)
]]></system-out>
    <system-err><![CDATA[WARNING: A Java agent has been loaded dynamically (C:\Users\Vivek Gohil\.m2\repository\net\bytebuddy\byte-buddy-agent\1.14.19\byte-buddy-agent-1.14.19.jar)
WARNING: If a serviceability tool is in use, please run with -XX:+EnableDynamicAgentLoading to hide this warning
WARNING: If a serviceability tool is not in use, please run with -Djdk.instrument.traceUsage for more information
WARNING: Dynamic loading of agents will be disallowed by default in a future release
]]></system-err>
  </testcase>
</testsuite>